  framework.cpp
c:\users\home_\onedrive\documentos\github\je-2022-2d2\tje2d-master\src\framework.h(257): warning C4244: 'argumento': conversión de 'int' a 'float'; posible pérdida de datos
c:\users\home_\onedrive\documentos\github\je-2022-2d2\tje2d-master\src\framework.h(259): warning C4244: 'argumento': conversión de 'float' a 'unsigned char'; posible pérdida de datos
c:\users\home_\onedrive\documentos\github\je-2022-2d2\tje2d-master\src\framework.h(275): warning C4244: 'inicializando': conversión de 'double' a 'float'; posible pérdida de datos
c:\users\home_\onedrive\documentos\github\je-2022-2d2\tje2d-master\src\framework.h(278): warning C4244: 'argumento': conversión de 'double' a 'unsigned char'; posible pérdida de datos
  game.cpp
c:\users\home_\onedrive\documentos\github\je-2022-2d2\tje2d-master\src\image.h(61): warning C4018: '>=': no coinciden signed/unsigned
c:\users\home_\onedrive\documentos\github\je-2022-2d2\tje2d-master\src\image.h(104): warning C4018: '<': no coinciden signed/unsigned
c:\users\home_\onedrive\documentos\github\je-2022-2d2\tje2d-master\src\image.h(105): warning C4018: '<': no coinciden signed/unsigned
  image.cpp
c:\users\home_\onedrive\documentos\github\je-2022-2d2\tje2d-master\src\framework.h(257): warning C4244: 'argumento': conversión de 'int' a 'float'; posible pérdida de datos
c:\users\home_\onedrive\documentos\github\je-2022-2d2\tje2d-master\src\framework.h(259): warning C4244: 'argumento': conversión de 'float' a 'unsigned char'; posible pérdida de datos
c:\users\home_\onedrive\documentos\github\je-2022-2d2\tje2d-master\src\framework.h(275): warning C4244: 'inicializando': conversión de 'double' a 'float'; posible pérdida de datos
c:\users\home_\onedrive\documentos\github\je-2022-2d2\tje2d-master\src\framework.h(278): warning C4244: 'argumento': conversión de 'double' a 'unsigned char'; posible pérdida de datos
c:\users\home_\onedrive\documentos\github\je-2022-2d2\tje2d-master\src\image.h(53): warning C4244: 'argumento': conversión de 'unsigned int' a 'float'; posible pérdida de datos
c:\users\home_\onedrive\documentos\github\je-2022-2d2\tje2d-master\src\image.h(53): warning C4244: '=': conversión de 'float' a 'unsigned int'; posible pérdida de datos
c:\users\home_\onedrive\documentos\github\je-2022-2d2\tje2d-master\src\image.h(54): warning C4244: 'argumento': conversión de 'unsigned int' a 'float'; posible pérdida de datos
c:\users\home_\onedrive\documentos\github\je-2022-2d2\tje2d-master\src\image.h(54): warning C4244: '=': conversión de 'float' a 'unsigned int'; posible pérdida de datos
c:\users\home_\onedrive\documentos\github\je-2022-2d2\tje2d-master\src\image.h(61): warning C4018: '>=': no coinciden signed/unsigned
c:\users\home_\onedrive\documentos\github\je-2022-2d2\tje2d-master\src\image.h(74): warning C4244: 'argumento': conversión de 'float' a 'int'; posible pérdida de datos
c:\users\home_\onedrive\documentos\github\je-2022-2d2\tje2d-master\src\image.h(104): warning C4018: '<': no coinciden signed/unsigned
c:\users\home_\onedrive\documentos\github\je-2022-2d2\tje2d-master\src\image.h(105): warning C4018: '<': no coinciden signed/unsigned
c:\users\home_\onedrive\documentos\github\je-2022-2d2\tje2d-master\src\image.cpp(167): warning C4018: '>=': no coinciden signed/unsigned
c:\users\home_\onedrive\documentos\github\je-2022-2d2\tje2d-master\src\image.cpp(171): warning C4018: '>=': no coinciden signed/unsigned
c:\users\home_\onedrive\documentos\github\je-2022-2d2\tje2d-master\src\image.cpp(204): warning C4018: '<': no coinciden signed/unsigned
  input.cpp
  main.cpp
c:\users\home_\onedrive\documentos\github\je-2022-2d2\tje2d-master\src\image.h(61): warning C4018: '>=': no coinciden signed/unsigned
c:\users\home_\onedrive\documentos\github\je-2022-2d2\tje2d-master\src\image.h(104): warning C4018: '<': no coinciden signed/unsigned
c:\users\home_\onedrive\documentos\github\je-2022-2d2\tje2d-master\src\image.h(105): warning C4018: '<': no coinciden signed/unsigned
  stage.cpp
c:\users\home_\onedrive\documentos\github\je-2022-2d2\tje2d-master\src\framework.h(257): warning C4244: 'argumento': conversión de 'int' a 'float'; posible pérdida de datos
c:\users\home_\onedrive\documentos\github\je-2022-2d2\tje2d-master\src\framework.h(259): warning C4244: 'argumento': conversión de 'float' a 'unsigned char'; posible pérdida de datos
c:\users\home_\onedrive\documentos\github\je-2022-2d2\tje2d-master\src\framework.h(275): warning C4244: 'inicializando': conversión de 'double' a 'float'; posible pérdida de datos
c:\users\home_\onedrive\documentos\github\je-2022-2d2\tje2d-master\src\framework.h(278): warning C4244: 'argumento': conversión de 'double' a 'unsigned char'; posible pérdida de datos
c:\users\home_\onedrive\documentos\github\je-2022-2d2\tje2d-master\src\image.h(53): warning C4244: 'argumento': conversión de 'unsigned int' a 'float'; posible pérdida de datos
c:\users\home_\onedrive\documentos\github\je-2022-2d2\tje2d-master\src\image.h(53): warning C4244: '=': conversión de 'float' a 'unsigned int'; posible pérdida de datos
c:\users\home_\onedrive\documentos\github\je-2022-2d2\tje2d-master\src\image.h(54): warning C4244: 'argumento': conversión de 'unsigned int' a 'float'; posible pérdida de datos
c:\users\home_\onedrive\documentos\github\je-2022-2d2\tje2d-master\src\image.h(54): warning C4244: '=': conversión de 'float' a 'unsigned int'; posible pérdida de datos
c:\users\home_\onedrive\documentos\github\je-2022-2d2\tje2d-master\src\image.h(61): warning C4018: '>=': no coinciden signed/unsigned
c:\users\home_\onedrive\documentos\github\je-2022-2d2\tje2d-master\src\image.h(74): warning C4244: 'argumento': conversión de 'float' a 'int'; posible pérdida de datos
c:\users\home_\onedrive\documentos\github\je-2022-2d2\tje2d-master\src\image.h(104): warning C4018: '<': no coinciden signed/unsigned
c:\users\home_\onedrive\documentos\github\je-2022-2d2\tje2d-master\src\image.h(105): warning C4018: '<': no coinciden signed/unsigned
c:\users\home_\onedrive\documentos\github\je-2022-2d2\tje2d-master\src\stage.cpp(82): warning C4018: '<': no coinciden signed/unsigned
c:\users\home_\onedrive\documentos\github\je-2022-2d2\tje2d-master\src\stage.cpp(125): warning C4018: '<': no coinciden signed/unsigned
c:\users\home_\onedrive\documentos\github\je-2022-2d2\tje2d-master\src\stage.cpp(132): warning C4018: '<': no coinciden signed/unsigned
  synth.cpp
  textparser.cpp
c:\users\home_\onedrive\documentos\github\je-2022-2d2\tje2d-master\src\textparser.cpp(51): warning C4101: 's': variable local sin referencia
  utils.cpp
c:\users\home_\onedrive\documentos\github\je-2022-2d2\tje2d-master\src\image.h(61): warning C4018: '>=': no coinciden signed/unsigned
c:\users\home_\onedrive\documentos\github\je-2022-2d2\tje2d-master\src\image.h(104): warning C4018: '<': no coinciden signed/unsigned
c:\users\home_\onedrive\documentos\github\je-2022-2d2\tje2d-master\src\image.h(105): warning C4018: '<': no coinciden signed/unsigned
  world.cpp
c:\users\home_\onedrive\documentos\github\je-2022-2d2\tje2d-master\src\image.h(61): warning C4018: '>=': no coinciden signed/unsigned
c:\users\home_\onedrive\documentos\github\je-2022-2d2\tje2d-master\src\image.h(104): warning C4018: '<': no coinciden signed/unsigned
c:\users\home_\onedrive\documentos\github\je-2022-2d2\tje2d-master\src\image.h(105): warning C4018: '<': no coinciden signed/unsigned
c:\users\home_\onedrive\documentos\github\je-2022-2d2\tje2d-master\src\world.cpp(98): warning C4018: '<': no coinciden signed/unsigned
c:\users\home_\onedrive\documentos\github\je-2022-2d2\tje2d-master\src\world.cpp(144): warning C4018: '<': no coinciden signed/unsigned
  Generando código
  All 706 functions were compiled because no usable IPDB/IOBJ from previous compilation was found.
  Generación de código finalizada
  visual.vcxproj -> C:\Users\home_\OneDrive\Documentos\GitHub\JE-2022-2D2\TJE2D-master\visual\Release\Game.exe
